#
# A fatal error has been detected by the Java Runtime Environment:
#
#  EXCEPTION_ACCESS_VIOLATION (0xc0000005) at pc=0x00007ffef8f16730, pid=14796, tid=3432
#
# JRE version: Java(TM) SE Runtime Environment (11.0.2+9) (build 11.0.2+9-LTS)
# Java VM: Java HotSpot(TM) 64-Bit Server VM (11.0.2+9-LTS, mixed mode, tiered, compressed oops, g1 gc, windows-amd64)
# Problematic frame:
# C  [glass.dll+0x26730]
#
# No core dump will be written. Minidumps are not enabled by default on client versions of Windows
#
# If you would like to submit a bug report, please visit:
#   http://bugreport.java.com/bugreport/crash.jsp
#

---------------  S U M M A R Y ------------

Command Line: -agentlib:jdwp=transport=dt_socket,address=127.0.0.1:64273,suspend=y,server=n --module-path=C:\Users\Johnny\Desktop\openjfx-11.0.2_windows-x64_bin-sdk\javafx-sdk-11.0.2\lib --add-modules=javafx.controls,javafx.fxml --add-modules=javafx.base,javafx.graphics --add-reads=javafx.base=ALL-UNNAMED --add-reads=javafx.graphics=ALL-UNNAMED -javaagent:C:\Users\Johnny\AppData\Local\JetBrains\IntelliJIdea2020.1\captureAgent\debugger-agent.jar -Dfile.encoding=UTF-8 App.Main

Host: Intel(R) Core(TM) i7-7700HQ CPU @ 2.80GHz, 8 cores, 7G,  Windows 10 , 64 bit Build 18362 (10.0.18362.959)
Time: Tue Jul 21 16:34:31 2020 SE Asia Standard Time elapsed time: 51 seconds (0d 0h 0m 51s)

---------------  T H R E A D  ---------------

Current thread (0x0000020651d00800):  VMThread "VM Thread" [stack: 0x0000000fa4700000,0x0000000fa4800000] [id=3432]

Stack: [0x0000000fa4700000,0x0000000fa4800000],  sp=0x0000000fa47ff450,  free space=1021k
Native frames: (J=compiled Java code, j=interpreted, Vv=VM code, C=native code)
C  [glass.dll+0x26730]


siginfo: EXCEPTION_ACCESS_VIOLATION (0xc0000005), reading address 0x0000000000000000


Register to memory mapping:

RIP=0x00007ffef8f16730 glass.dll
RAX=0x0 is NULL
RBX=0x00000206533612b0 is a global jni handle
RCX=0x0000020651d00800 points into unknown readable memory: 28 5a da d9 fe 7f 00 00
RDX=0x0000000fa47ff450 points into unknown readable memory: 00 00 00 00 00 00 00 00
RSP=0x0000000fa47ff450 points into unknown readable memory: 00 00 00 00 00 00 00 00
RBP=0x0000020654c94af8 points into unknown readable memory: 48 07 60 1d 6b 72 00 00
RSI=0x0000020654c94ad0 points into unknown readable memory: 48 df 56 ec 93 8c 7f 00
RDI=0x0000726b1d600748 is an unknown value
R8 =0x0000000000010002 is an unknown value
R9 =0x0000726b1d600748 is an unknown value
R10=0x0000000000008000 is an unknown value
R11=0x0000000fa47ff3f0 points into unknown readable memory: d0 4a c9 54 06 02 00 00
R12=0x00007ffef8f13be0 glass.dll
R13=0x0000000fa52fefa0 is pointing into the stack for thread: 0x0000020653290000
R14=0x0000000fa47ff558 points into unknown readable memory: 40 f5 7f a4 0f 00 00 00
R15=0x0000020654c94ad0 points into unknown readable memory: 48 df 56 ec 93 8c 7f 00


Registers:
RAX=0x0000000000000000, RBX=0x00000206533612b0, RCX=0x0000020651d00800, RDX=0x0000000fa47ff450
RSP=0x0000000fa47ff450, RBP=0x0000020654c94af8, RSI=0x0000020654c94ad0, RDI=0x0000726b1d600748
R8 =0x0000000000010002, R9 =0x0000726b1d600748, R10=0x0000000000008000, R11=0x0000000fa47ff3f0
R12=0x00007ffef8f13be0, R13=0x0000000fa52fefa0, R14=0x0000000fa47ff558, R15=0x0000020654c94ad0
RIP=0x00007ffef8f16730, EFLAGS=0x0000000000010206

Top of Stack: (sp=0x0000000fa47ff450)
0x0000000fa47ff450:   0000000000000000 00007fff1ff114cb
0x0000000fa47ff460:   0000020654c94ae0 0000020654c94ad0
0x0000000fa47ff470:   fffffffffffffffe 00007ffef8f2a1a0
0x0000000fa47ff480:   0000020654c94ad8 00007fff1ff19d06
0x0000000fa47ff490:   0000020654c94ae0 0000020600000000
0x0000000fa47ff4a0:   0000000000000000 00007fff1ff19f46
0x0000000fa47ff4b0:   fffffffffffffffe 0000000000000000
0x0000000fa47ff4c0:   0000000000000001 00007ffef8ef0000
0x0000000fa47ff4d0:   0000000fa47ff548 00007fff1ff19c2b
0x0000000fa47ff4e0:   0000000000000000 0000000fa47ff558
0x0000000fa47ff4f0:   0000000fa47ff810 00007fff1ffebc30
0x0000000fa47ff500:   0000000000000001 00007fff1ff19be4
0x0000000fa47ff510:   0000000000000000 0000000000000001
0x0000000fa47ff520:   0000000000000000 0000000fa47ff548
0x0000000fa47ff530:   0000f3b74bf60097 00007ffef8f13a60
0x0000000fa47ff540:   00007ffef8f2d100 00007fff00000002 

Instructions: (pc=0x00007ffef8f16730)
0x00007ffef8f16710:   40 53 48 83 ec 30 48 c7 44 24 20 fe ff ff ff 48
0x00007ffef8f16720:   8b 1d ea 63 01 00 48 85 db 74 16 e8 90 86 ff ff
0x00007ffef8f16730:   4c 8b 00 48 8b d3 48 8b c8 41 ff 90 b0 00 00 00
0x00007ffef8f16740:   90 48 83 c4 30 5b c3 cc cc cc cc cc cc cc cc cc 


Stack slot to memory mapping:
stack at sp + 0 slots: 0x0 is NULL
stack at sp + 1 slots: 0x00007fff1ff114cb ucrtbase.dll
stack at sp + 2 slots: 0x0000020654c94ae0 points into unknown readable memory: 48 07 60 1d 6b 72 00 00
stack at sp + 3 slots: 0x0000020654c94ad0 points into unknown readable memory: 48 df 56 ec 93 8c 7f 00
stack at sp + 4 slots: 0xfffffffffffffffe is an unknown value
stack at sp + 5 slots: 0x00007ffef8f2a1a0 glass.dll
stack at sp + 6 slots: 0x0000020654c94ad8 points into unknown readable memory: 48 07 60 1d 6b 72 00 00
stack at sp + 7 slots: 0x00007fff1ff19d06 ucrtbase.dll

VM_Operation (0x0000000fa52fefa0): Exit, mode: safepoint, requested by thread 0x0000020653290000


---------------  P R O C E S S  ---------------

Threads class SMR info:
_java_thread_list=0x000002065c947d30, length=20, elements={
0x0000020633195800, 0x0000020651d04800, 0x0000020651d31800, 0x0000020652691800,
0x0000020652692800, 0x0000020652696800, 0x00000206526a4800, 0x0000020651cbd000,
0x0000020652be8800, 0x0000020652fc2000, 0x0000020654f98800, 0x0000020654607000,
0x000002065476e800, 0x0000020654207800, 0x000002065359a000, 0x0000020653805000,
0x000002065c5cc000, 0x00000206605a2800, 0x0000020661208800, 0x0000020653290000
}

Java Threads: ( => current thread )
  0x0000020633195800 JavaThread "main" [_thread_blocked, id=10988, stack(0x0000000fa4100000,0x0000000fa4200000)]
  0x0000020651d04800 JavaThread "Reference Handler" daemon [_thread_blocked, id=8060, stack(0x0000000fa4800000,0x0000000fa4900000)]
  0x0000020651d31800 JavaThread "Finalizer" daemon [_thread_blocked, id=14664, stack(0x0000000fa4900000,0x0000000fa4a00000)]
  0x0000020652691800 JavaThread "Attach Listener" daemon [_thread_blocked, id=14404, stack(0x0000000fa4b00000,0x0000000fa4c00000)]
  0x0000020652692800 JavaThread "C2 CompilerThread0" daemon [_thread_blocked, id=11420, stack(0x0000000fa4c00000,0x0000000fa4d00000)]
  0x0000020652696800 JavaThread "C1 CompilerThread0" daemon [_thread_blocked, id=12896, stack(0x0000000fa4d00000,0x0000000fa4e00000)]
  0x00000206526a4800 JavaThread "Sweeper thread" daemon [_thread_blocked, id=14408, stack(0x0000000fa4e00000,0x0000000fa4f00000)]
  0x0000020651cbd000 JavaThread "Common-Cleaner" daemon [_thread_blocked, id=16224, stack(0x0000000fa4f00000,0x0000000fa5000000)]
  0x0000020652be8800 JavaThread "JDWP Event Helper Thread" daemon [_thread_blocked, id=12668, stack(0x0000000fa5300000,0x0000000fa5400000)]
  0x0000020652fc2000 JavaThread "Service Thread" daemon [_thread_blocked, id=16232, stack(0x0000000fa5500000,0x0000000fa5600000)]
  0x0000020654f98800 JavaThread "QuantumRenderer-0" daemon [_thread_blocked, id=8784, stack(0x0000000fa5700000,0x0000000fa5800000)]
  0x0000020654607000 JavaThread "InvokeLaterDispatcher" daemon [_thread_blocked, id=15988, stack(0x0000000fa5800000,0x0000000fa5900000)]
  0x000002065476e800 JavaThread "JavaFX Application Thread" [_thread_in_native, id=8584, stack(0x0000000fa5900000,0x0000000fa5a00000)]
  0x0000020654207800 JavaThread "JavaFX-Launcher" [_thread_blocked, id=5636, stack(0x0000000fa5e00000,0x0000000fa5f00000)]
  0x000002065359a000 JavaThread "Thread-2" daemon [_thread_in_native, id=11580, stack(0x0000000fa5d00000,0x0000000fa5e00000)]
  0x0000020653805000 JavaThread "mysql-cj-abandoned-connection-cleanup" daemon [_thread_blocked, id=1248, stack(0x0000000fa6500000,0x0000000fa6600000)]
  0x000002065c5cc000 JavaThread "pool-2-thread-1" [_thread_blocked, id=5424, stack(0x0000000fa5100000,0x0000000fa5200000)]
  0x00000206605a2800 JavaThread "Prism Font Disposer" daemon [_thread_blocked, id=2968, stack(0x0000000fa6800000,0x0000000fa6900000)]
  0x0000020661208800 JavaThread "Cleaner-0" daemon [_thread_blocked, id=2068, stack(0x0000000fa6f00000,0x0000000fa7000000)]
  0x0000020653290000 JavaThread "SIGINT handler" daemon [_thread_blocked, id=8824, stack(0x0000000fa5200000,0x0000000fa5300000)]

Other Threads:
=>0x0000020651d00800 VMThread "VM Thread" [stack: 0x0000000fa4700000,0x0000000fa4800000] [id=3432]
  0x00000206331ae800 GCTaskThread "GC Thread#0" [stack: 0x0000000fa4200000,0x0000000fa4300000] [id=15392]
  0x0000020653313800 GCTaskThread "GC Thread#1" [stack: 0x0000000fa5f00000,0x0000000fa6000000] [id=16784]
  0x0000020653314800 GCTaskThread "GC Thread#2" [stack: 0x0000000fa6000000,0x0000000fa6100000] [id=8272]
  0x00000206537b7000 GCTaskThread "GC Thread#3" [stack: 0x0000000fa6100000,0x0000000fa6200000] [id=11592]
  0x00000206537b8000 GCTaskThread "GC Thread#4" [stack: 0x0000000fa6200000,0x0000000fa6300000] [id=1700]
  0x0000020655207000 GCTaskThread "GC Thread#5" [stack: 0x0000000fa6300000,0x0000000fa6400000] [id=16928]
  0x00000206554f0800 GCTaskThread "GC Thread#6" [stack: 0x0000000fa6600000,0x0000000fa6700000] [id=4780]
  0x000002065c5be800 GCTaskThread "GC Thread#7" [stack: 0x0000000fa6700000,0x0000000fa6800000] [id=644]
  0x00000206331df000 ConcurrentGCThread "G1 Main Marker" [stack: 0x0000000fa4300000,0x0000000fa4400000] [id=13496]
  0x00000206331e1000 ConcurrentGCThread "G1 Conc#0" [stack: 0x0000000fa4400000,0x0000000fa4500000] [id=8888]
  0x0000020653787000 ConcurrentGCThread "G1 Conc#1" [stack: 0x0000000fa6400000,0x0000000fa6500000] [id=17260]
  0x000002063325d800 ConcurrentGCThread "G1 Refine#0" [stack: 0x0000000fa4500000,0x0000000fa4600000] [id=13428]
  0x0000020651b6a800 ConcurrentGCThread "G1 Young RemSet Sampling" [stack: 0x0000000fa4600000,0x0000000fa4700000] [id=1772]

Threads with active compile tasks:
C1 CompilerThread05465   !   3       java.util.logging.LogManager$LoggerContext::findLogger (113 bytes)

VM state:at safepoint (shutting down)

VM Mutex/Monitor currently owned by a thread:  ([mutex/lock_event])
[0x0000020633193910] Threads_lock - owner thread: 0x0000020651d00800

Heap address: 0x0000000082000000, size: 2016 MB, Compressed Oops mode: 32-bit
Narrow klass base: 0x0000000000000000, Narrow klass shift: 3
Compressed class space size: 1073741824 Address: 0x0000000100000000

Heap:
 garbage-first heap   total 129024K, used 79173K [0x0000000082000000, 0x0000000100000000)
  region size 1024K, 25 young (25600K), 8 survivors (8192K)
 Metaspace       used 55038K, capacity 56494K, committed 56704K, reserved 1097728K
  class space    used 6903K, capacity 7450K, committed 7552K, reserved 1048576K
Heap Regions: E=young(eden), S=young(survivor), O=old, HS=humongous(starts), HC=humongous(continues), CS=collection set, F=free, A=archive, TAMS=top-at-mark-start (previous, next)
|   0|0x0000000082000000, 0x0000000082100000, 0x0000000082100000|100%| O|  |TAMS 0x0000000082100000, 0x0000000082000000| Untracked 
|   1|0x0000000082100000, 0x0000000082200000, 0x0000000082200000|100%| O|  |TAMS 0x0000000082200000, 0x0000000082100000| Untracked 
|   2|0x0000000082200000, 0x0000000082300000, 0x0000000082300000|100%| O|  |TAMS 0x0000000082300000, 0x0000000082200000| Untracked 
|   3|0x0000000082300000, 0x0000000082400000, 0x0000000082400000|100%| O|  |TAMS 0x0000000082400000, 0x0000000082300000| Untracked 
|   4|0x0000000082400000, 0x0000000082500000, 0x0000000082500000|100%| O|  |TAMS 0x0000000082500000, 0x0000000082400000| Untracked 
|   5|0x0000000082500000, 0x0000000082600000, 0x0000000082600000|100%| O|  |TAMS 0x0000000082600000, 0x0000000082500000| Untracked 
|   6|0x0000000082600000, 0x0000000082700000, 0x0000000082700000|100%| O|  |TAMS 0x0000000082700000, 0x0000000082600000| Untracked 
|   7|0x0000000082700000, 0x0000000082800000, 0x0000000082800000|100%| O|  |TAMS 0x0000000082800000, 0x0000000082700000| Untracked 
|   8|0x0000000082800000, 0x0000000082900000, 0x0000000082900000|100%| O|  |TAMS 0x0000000082900000, 0x0000000082800000| Untracked 
|   9|0x0000000082900000, 0x0000000082a00000, 0x0000000082a00000|100%| O|  |TAMS 0x0000000082a00000, 0x0000000082900000| Untracked 
|  10|0x0000000082a00000, 0x0000000082b00000, 0x0000000082b00000|100%| O|  |TAMS 0x0000000082b00000, 0x0000000082a00000| Untracked 
|  11|0x0000000082b00000, 0x0000000082c00000, 0x0000000082c00000|100%| O|  |TAMS 0x0000000082c00000, 0x0000000082b00000| Untracked 
|  12|0x0000000082c00000, 0x0000000082d00000, 0x0000000082d00000|100%| O|  |TAMS 0x0000000082d00000, 0x0000000082c00000| Untracked 
|  13|0x0000000082d00000, 0x0000000082d15200, 0x0000000082e00000|  8%| O|  |TAMS 0x0000000082d15200, 0x0000000082d00000| Untracked 
|  14|0x0000000082e00000, 0x0000000082f00000, 0x0000000082f00000|100%|HS|  |TAMS 0x0000000082e00000, 0x0000000082e00000| Complete 
|  15|0x0000000082f00000, 0x0000000083000000, 0x0000000083000000|100%|HS|  |TAMS 0x0000000083000000, 0x0000000082f00000| Complete 
|  16|0x0000000083000000, 0x0000000083100000, 0x0000000083100000|100%|HC|  |TAMS 0x0000000083100000, 0x0000000083000000| Complete 
|  17|0x0000000083100000, 0x0000000083200000, 0x0000000083200000|100%|HS|  |TAMS 0x0000000083100000, 0x0000000083100000| Complete 
|  18|0x0000000083200000, 0x0000000083300000, 0x0000000083300000|100%|HS|  |TAMS 0x0000000083300000, 0x0000000083200000| Complete 
|  19|0x0000000083300000, 0x0000000083400000, 0x0000000083400000|100%|HC|  |TAMS 0x0000000083400000, 0x0000000083300000| Complete 
|  20|0x0000000083400000, 0x0000000083500000, 0x0000000083500000|100%|HS|  |TAMS 0x0000000083500000, 0x0000000083400000| Complete 
|  21|0x0000000083500000, 0x0000000083500000, 0x0000000083600000|  0%| F|  |TAMS 0x0000000083500000, 0x0000000083500000| Untracked 
|  22|0x0000000083600000, 0x0000000083700000, 0x0000000083700000|100%|HS|  |TAMS 0x0000000083700000, 0x0000000083600000| Complete 
|  23|0x0000000083700000, 0x0000000083800000, 0x0000000083800000|100%|HC|  |TAMS 0x0000000083800000, 0x0000000083700000| Complete 
|  24|0x0000000083800000, 0x0000000083800000, 0x0000000083900000|  0%| F|  |TAMS 0x0000000083800000, 0x0000000083800000| Untracked 
|  25|0x0000000083900000, 0x0000000083a00000, 0x0000000083a00000|100%|HS|  |TAMS 0x0000000083a00000, 0x0000000083900000| Complete 
|  26|0x0000000083a00000, 0x0000000083b00000, 0x0000000083b00000|100%|HC|  |TAMS 0x0000000083b00000, 0x0000000083a00000| Complete 
|  27|0x0000000083b00000, 0x0000000083c00000, 0x0000000083c00000|100%|HS|  |TAMS 0x0000000083c00000, 0x0000000083b00000| Complete 
|  28|0x0000000083c00000, 0x0000000083c00000, 0x0000000083d00000|  0%| F|  |TAMS 0x0000000083c00000, 0x0000000083c00000| Untracked 
|  29|0x0000000083d00000, 0x0000000083e00000, 0x0000000083e00000|100%|HS|  |TAMS 0x0000000083e00000, 0x0000000083d00000| Complete 
|  30|0x0000000083e00000, 0x0000000083f00000, 0x0000000083f00000|100%|HC|  |TAMS 0x0000000083f00000, 0x0000000083e00000| Complete 
|  31|0x0000000083f00000, 0x0000000083f00000, 0x0000000084000000|  0%| F|  |TAMS 0x0000000083f00000, 0x0000000083f00000| Untracked 
|  32|0x0000000084000000, 0x0000000084100000, 0x0000000084100000|100%|HS|  |TAMS 0x0000000084100000, 0x0000000084000000| Complete 
|  33|0x0000000084100000, 0x0000000084200000, 0x0000000084200000|100%|HC|  |TAMS 0x0000000084200000, 0x0000000084100000| Complete 
|  34|0x0000000084200000, 0x0000000084300000, 0x0000000084300000|100%|HS|  |TAMS 0x0000000084300000, 0x0000000084200000| Complete 
|  35|0x0000000084300000, 0x0000000084400000, 0x0000000084400000|100%|HC|  |TAMS 0x0000000084400000, 0x0000000084300000| Complete 
|  36|0x0000000084400000, 0x0000000084500000, 0x0000000084500000|100%|HC|  |TAMS 0x0000000084500000, 0x0000000084400000| Complete 
|  37|0x0000000084500000, 0x0000000084600000, 0x0000000084600000|100%|HC|  |TAMS 0x0000000084600000, 0x0000000084500000| Complete 
|  38|0x0000000084600000, 0x0000000084700000, 0x0000000084700000|100%|HC|  |TAMS 0x0000000084700000, 0x0000000084600000| Complete 
|  39|0x0000000084700000, 0x0000000084800000, 0x0000000084800000|100%|HC|  |TAMS 0x0000000084800000, 0x0000000084700000| Complete 
|  40|0x0000000084800000, 0x0000000084800000, 0x0000000084900000|  0%| F|  |TAMS 0x0000000084800000, 0x0000000084800000| Untracked 
|  41|0x0000000084900000, 0x0000000084a00000, 0x0000000084a00000|100%|HS|  |TAMS 0x0000000084a00000, 0x0000000084900000| Complete 
|  42|0x0000000084a00000, 0x0000000084b00000, 0x0000000084b00000|100%|HC|  |TAMS 0x0000000084b00000, 0x0000000084a00000| Complete 
|  43|0x0000000084b00000, 0x0000000084b00000, 0x0000000084c00000|  0%| F|  |TAMS 0x0000000084b00000, 0x0000000084b00000| Untracked 
|  44|0x0000000084c00000, 0x0000000084d00000, 0x0000000084d00000|100%|HS|  |TAMS 0x0000000084d00000, 0x0000000084c00000| Complete 
|  45|0x0000000084d00000, 0x0000000084e00000, 0x0000000084e00000|100%|HC|  |TAMS 0x0000000084e00000, 0x0000000084d00000| Complete 
|  46|0x0000000084e00000, 0x0000000084e00000, 0x0000000084f00000|  0%| F|  |TAMS 0x0000000084e00000, 0x0000000084e00000| Untracked 
|  47|0x0000000084f00000, 0x0000000085000000, 0x0000000085000000|100%|HS|  |TAMS 0x0000000085000000, 0x0000000084f00000| Complete 
|  48|0x0000000085000000, 0x0000000085100000, 0x0000000085100000|100%|HC|  |TAMS 0x0000000085100000, 0x0000000085000000| Complete 
|  49|0x0000000085100000, 0x0000000085100000, 0x0000000085200000|  0%| F|  |TAMS 0x0000000085100000, 0x0000000085100000| Untracked 
|  50|0x0000000085200000, 0x0000000085300000, 0x0000000085300000|100%|HS|  |TAMS 0x0000000085300000, 0x0000000085200000| Complete 
|  51|0x0000000085300000, 0x0000000085400000, 0x0000000085400000|100%|HC|  |TAMS 0x0000000085400000, 0x0000000085300000| Complete 
|  52|0x0000000085400000, 0x0000000085500000, 0x0000000085500000|100%|HS|  |TAMS 0x0000000085400000, 0x0000000085400000| Complete 
|  53|0x0000000085500000, 0x0000000085600000, 0x0000000085600000|100%|HC|  |TAMS 0x0000000085500000, 0x0000000085500000| Complete 
|  54|0x0000000085600000, 0x0000000085700000, 0x0000000085700000|100%|HS|  |TAMS 0x0000000085700000, 0x0000000085600000| Complete 
|  55|0x0000000085700000, 0x0000000085800000, 0x0000000085800000|100%|HC|  |TAMS 0x0000000085800000, 0x0000000085700000| Complete 
|  56|0x0000000085800000, 0x0000000085900000, 0x0000000085900000|100%|HS|  |TAMS 0x0000000085900000, 0x0000000085800000| Complete 
|  57|0x0000000085900000, 0x0000000085a00000, 0x0000000085a00000|100%|HS|  |TAMS 0x0000000085900000, 0x0000000085900000| Complete 
|  58|0x0000000085a00000, 0x0000000085b00000, 0x0000000085b00000|100%|HC|  |TAMS 0x0000000085a00000, 0x0000000085a00000| Complete 
|  59|0x0000000085b00000, 0x0000000085c00000, 0x0000000085c00000|100%|HS|  |TAMS 0x0000000085b00000, 0x0000000085b00000| Complete 
|  60|0x0000000085c00000, 0x0000000085d00000, 0x0000000085d00000|100%|HC|  |TAMS 0x0000000085c00000, 0x0000000085c00000| Complete 
|  61|0x0000000085d00000, 0x0000000085e00000, 0x0000000085e00000|100%|HS|  |TAMS 0x0000000085d00000, 0x0000000085d00000| Complete 
|  62|0x0000000085e00000, 0x0000000085f00000, 0x0000000085f00000|100%|HC|  |TAMS 0x0000000085e00000, 0x0000000085e00000| Complete 
|  63|0x0000000085f00000, 0x0000000085f00000, 0x0000000086000000|  0%| F|  |TAMS 0x0000000085f00000, 0x0000000085f00000| Untracked 
|  64|0x0000000086000000, 0x0000000086000000, 0x0000000086100000|  0%| F|  |TAMS 0x0000000086000000, 0x0000000086000000| Untracked 
|  65|0x0000000086100000, 0x0000000086100000, 0x0000000086200000|  0%| F|  |TAMS 0x0000000086100000, 0x0000000086100000| Untracked 
|  66|0x0000000086200000, 0x0000000086200000, 0x0000000086300000|  0%| F|  |TAMS 0x0000000086200000, 0x0000000086200000| Untracked 
|  67|0x0000000086300000, 0x0000000086300000, 0x0000000086400000|  0%| F|  |TAMS 0x0000000086300000, 0x0000000086300000| Untracked 
|  68|0x0000000086400000, 0x0000000086400000, 0x0000000086500000|  0%| F|  |TAMS 0x0000000086400000, 0x0000000086400000| Untracked 
|  69|0x0000000086500000, 0x0000000086500000, 0x0000000086600000|  0%| F|  |TAMS 0x0000000086500000, 0x0000000086500000| Untracked 
|  70|0x0000000086600000, 0x0000000086600000, 0x0000000086700000|  0%| F|  |TAMS 0x0000000086600000, 0x0000000086600000| Untracked 
|  71|0x0000000086700000, 0x0000000086700000, 0x0000000086800000|  0%| F|  |TAMS 0x0000000086700000, 0x0000000086700000| Untracked 
|  72|0x0000000086800000, 0x0000000086800000, 0x0000000086900000|  0%| F|  |TAMS 0x0000000086800000, 0x0000000086800000| Untracked 
|  73|0x0000000086900000, 0x0000000086900000, 0x0000000086a00000|  0%| F|  |TAMS 0x0000000086900000, 0x0000000086900000| Untracked 
|  74|0x0000000086a00000, 0x0000000086a00000, 0x0000000086b00000|  0%| F|  |TAMS 0x0000000086a00000, 0x0000000086a00000| Untracked 
|  75|0x0000000086b00000, 0x0000000086b00000, 0x0000000086c00000|  0%| F|  |TAMS 0x0000000086b00000, 0x0000000086b00000| Untracked 
|  76|0x0000000086c00000, 0x0000000086c00000, 0x0000000086d00000|  0%| F|  |TAMS 0x0000000086c00000, 0x0000000086c00000| Untracked 
|  77|0x0000000086d00000, 0x0000000086d00000, 0x0000000086e00000|  0%| F|  |TAMS 0x0000000086d00000, 0x0000000086d00000| Untracked 
|  78|0x0000000086e00000, 0x0000000086e00000, 0x0000000086f00000|  0%| F|  |TAMS 0x0000000086e00000, 0x0000000086e00000| Untracked 
|  79|0x0000000086f00000, 0x0000000086f00000, 0x0000000087000000|  0%| F|  |TAMS 0x0000000086f00000, 0x0000000086f00000| Untracked 
|  80|0x0000000087000000, 0x0000000087000000, 0x0000000087100000|  0%| F|  |TAMS 0x0000000087000000, 0x0000000087000000| Untracked 
|  81|0x0000000087100000, 0x0000000087100000, 0x0000000087200000|  0%| F|  |TAMS 0x0000000087100000, 0x0000000087100000| Untracked 
|  82|0x0000000087200000, 0x0000000087200000, 0x0000000087300000|  0%| F|  |TAMS 0x0000000087200000, 0x0000000087200000| Untracked 
|  83|0x0000000087300000, 0x0000000087300000, 0x0000000087400000|  0%| F|  |TAMS 0x0000000087300000, 0x0000000087300000| Untracked 
|  84|0x0000000087400000, 0x0000000087400000, 0x0000000087500000|  0%| F|  |TAMS 0x0000000087400000, 0x0000000087400000| Untracked 
|  85|0x0000000087500000, 0x0000000087500000, 0x0000000087600000|  0%| F|  |TAMS 0x0000000087500000, 0x0000000087500000| Untracked 
|  86|0x0000000087600000, 0x0000000087600000, 0x0000000087700000|  0%| F|  |TAMS 0x0000000087600000, 0x0000000087600000| Untracked 
|  87|0x0000000087700000, 0x0000000087700000, 0x0000000087800000|  0%| F|  |TAMS 0x0000000087700000, 0x0000000087700000| Untracked 
|  88|0x0000000087800000, 0x0000000087800000, 0x0000000087900000|  0%| F|  |TAMS 0x0000000087800000, 0x0000000087800000| Untracked 
|  89|0x0000000087900000, 0x0000000087900000, 0x0000000087a00000|  0%| F|  |TAMS 0x0000000087900000, 0x0000000087900000| Untracked 
|  90|0x0000000087a00000, 0x0000000087a00000, 0x0000000087b00000|  0%| F|  |TAMS 0x0000000087a00000, 0x0000000087a00000| Untracked 
|  91|0x0000000087b00000, 0x0000000087b00000, 0x0000000087c00000|  0%| F|  |TAMS 0x0000000087b00000, 0x0000000087b00000| Untracked 
|  92|0x0000000087c00000, 0x0000000087c00000, 0x0000000087d00000|  0%| F|  |TAMS 0x0000000087c00000, 0x0000000087c00000| Untracked 
|  93|0x0000000087d00000, 0x0000000087d3c438, 0x0000000087e00000| 23%| S|CS|TAMS 0x0000000087d00000, 0x0000000087d00000| Complete 
|  94|0x0000000087e00000, 0x0000000087f00000, 0x0000000087f00000|100%| S|CS|TAMS 0x0000000087e00000, 0x0000000087e00000| Complete 
|  95|0x0000000087f00000, 0x0000000088000000, 0x0000000088000000|100%| S|CS|TAMS 0x0000000087f00000, 0x0000000087f00000| Complete 
|  96|0x0000000088000000, 0x0000000088100000, 0x0000000088100000|100%| S|CS|TAMS 0x0000000088000000, 0x0000000088000000| Complete 
|  97|0x0000000088100000, 0x0000000088200000, 0x0000000088200000|100%| S|CS|TAMS 0x0000000088100000, 0x0000000088100000| Complete 
|  98|0x0000000088200000, 0x0000000088300000, 0x0000000088300000|100%| S|CS|TAMS 0x0000000088200000, 0x0000000088200000| Complete 
|  99|0x0000000088300000, 0x0000000088400000, 0x0000000088400000|100%| S|CS|TAMS 0x0000000088300000, 0x0000000088300000| Complete 
| 100|0x0000000088400000, 0x0000000088500000, 0x0000000088500000|100%| S|CS|TAMS 0x0000000088400000, 0x0000000088400000| Complete 
| 101|0x0000000088500000, 0x0000000088500000, 0x0000000088600000|  0%| F|  |TAMS 0x0000000088500000, 0x0000000088500000| Untracked 
| 102|0x0000000088600000, 0x0000000088600000, 0x0000000088700000|  0%| F|  |TAMS 0x0000000088600000, 0x0000000088600000| Untracked 
| 103|0x0000000088700000, 0x0000000088700000, 0x0000000088800000|  0%| F|  |TAMS 0x0000000088700000, 0x0000000088700000| Untracked 
| 104|0x0000000088800000, 0x0000000088800000, 0x0000000088900000|  0%| F|  |TAMS 0x0000000088800000, 0x0000000088800000| Untracked 
| 105|0x0000000088900000, 0x0000000088900000, 0x0000000088a00000|  0%| F|  |TAMS 0x0000000088900000, 0x0000000088900000| Untracked 
| 106|0x0000000088a00000, 0x0000000088a00000, 0x0000000088b00000|  0%| F|  |TAMS 0x0000000088a00000, 0x0000000088a00000| Untracked 
| 107|0x0000000088b00000, 0x0000000088b00000, 0x0000000088c00000|  0%| F|  |TAMS 0x0000000088b00000, 0x0000000088b00000| Untracked 
| 108|0x0000000088c00000, 0x0000000088c00000, 0x0000000088d00000|  0%| F|  |TAMS 0x0000000088c00000, 0x0000000088c00000| Untracked 
| 109|0x0000000088d00000, 0x0000000088d50640, 0x0000000088e00000| 31%| E|  |TAMS 0x0000000088d00000, 0x0000000088d00000| Complete 
| 110|0x0000000088e00000, 0x0000000088f00000, 0x0000000088f00000|100%| E|CS|TAMS 0x0000000088e00000, 0x0000000088e00000| Complete 
| 111|0x0000000088f00000, 0x0000000089000000, 0x0000000089000000|100%| E|CS|TAMS 0x0000000088f00000, 0x0000000088f00000| Complete 
| 112|0x0000000089000000, 0x0000000089100000, 0x0000000089100000|100%| E|CS|TAMS 0x0000000089000000, 0x0000000089000000| Complete 
| 113|0x0000000089100000, 0x0000000089200000, 0x0000000089200000|100%| E|CS|TAMS 0x0000000089100000, 0x0000000089100000| Complete 
| 114|0x0000000089200000, 0x0000000089300000, 0x0000000089300000|100%| E|CS|TAMS 0x0000000089200000, 0x0000000089200000| Complete 
| 115|0x0000000089300000, 0x0000000089400000, 0x0000000089400000|100%| E|CS|TAMS 0x0000000089300000, 0x0000000089300000| Complete 
| 116|0x0000000089400000, 0x0000000089500000, 0x0000000089500000|100%| E|CS|TAMS 0x0000000089400000, 0x0000000089400000| Complete 
| 117|0x0000000089500000, 0x0000000089600000, 0x0000000089600000|100%| E|CS|TAMS 0x0000000089500000, 0x0000000089500000| Complete 
| 118|0x0000000089600000, 0x0000000089700000, 0x0000000089700000|100%| E|CS|TAMS 0x0000000089600000, 0x0000000089600000| Complete 
| 119|0x0000000089700000, 0x0000000089800000, 0x0000000089800000|100%| E|CS|TAMS 0x0000000089700000, 0x0000000089700000| Complete 
| 120|0x0000000089800000, 0x0000000089900000, 0x0000000089900000|100%| E|CS|TAMS 0x0000000089800000, 0x0000000089800000| Complete 
| 121|0x0000000089900000, 0x0000000089a00000, 0x0000000089a00000|100%| E|CS|TAMS 0x0000000089900000, 0x0000000089900000| Complete 
| 122|0x0000000089a00000, 0x0000000089b00000, 0x0000000089b00000|100%| E|CS|TAMS 0x0000000089a00000, 0x0000000089a00000| Complete 
| 123|0x0000000089b00000, 0x0000000089c00000, 0x0000000089c00000|100%| E|CS|TAMS 0x0000000089b00000, 0x0000000089b00000| Complete 
| 124|0x0000000089c00000, 0x0000000089d00000, 0x0000000089d00000|100%| E|CS|TAMS 0x0000000089c00000, 0x0000000089c00000| Complete 
| 125|0x0000000089d00000, 0x0000000089e00000, 0x0000000089e00000|100%| E|CS|TAMS 0x0000000089d00000, 0x0000000089d00000| Complete 

Card table byte_map: [0x000002064abd0000,0x000002064afc0000] _byte_map_base: 0x000002064a7c0000

Marking Bits (Prev, Next): (CMBitMap*) 0x00000206331d63e0, (CMBitMap*) 0x00000206331d63a8
 Prev Bits: [0x000002064d330000, 0x000002064f2b0000)
 Next Bits: [0x000002064b3b0000, 0x000002064d330000)

Polling page: 0x0000020631170000

Metaspace:

Usage:
  Non-class:     47.89 MB capacity,    47.01 MB ( 98%) used,   741.45 KB (  2%) free+waste,   168.19 KB ( <1%) overhead. 
      Class:      7.28 MB capacity,     6.74 MB ( 93%) used,   467.54 KB (  6%) free+waste,    78.56 KB (  1%) overhead. 
       Both:     55.17 MB capacity,    53.75 MB ( 97%) used,     1.18 MB (  2%) free+waste,   246.75 KB ( <1%) overhead. 

Virtual space:
  Non-class space:       48.00 MB reserved,      48.00 MB (100%) committed 
      Class space:        1.00 GB reserved,       7.38 MB ( <1%) committed 
             Both:        1.05 GB reserved,      55.38 MB (  5%) committed 

Chunk freelists:
   Non-Class:  5.50 KB
       Class:  768 bytes
        Both:  6.25 KB

CodeHeap 'non-profiled nmethods': size=120000Kb used=2868Kb max_used=3199Kb free=117131Kb
 bounds [0x0000020642f80000, 0x00000206432a0000, 0x000002064a4b0000]
CodeHeap 'profiled nmethods': size=120000Kb used=12229Kb max_used=12516Kb free=107770Kb
 bounds [0x000002063ba50000, 0x000002063c690000, 0x0000020642f80000]
CodeHeap 'non-nmethods': size=5760Kb used=1531Kb max_used=1575Kb free=4228Kb
 bounds [0x000002063b4b0000, 0x000002063b720000, 0x000002063ba50000]
 total_blobs=7652 nmethods=5351 adapters=852
 compilation: enabled
              stopped_count=0, restarted_count=0
 full_count=0

Compilation events (10 events):
Event: 41.757 Thread 0x0000020652692800 nmethod 5459 0x000002064329ec90 code [0x000002064329ef40, 0x000002064329f8a0]
Event: 41.842 Thread 0x0000020652696800 5461       3       com.sun.javafx.css.PseudoClassState::cast (6 bytes)
Event: 41.843 Thread 0x0000020652696800 nmethod 5461 0x000002063c688590 code [0x000002063c688780, 0x000002063c688b50]
Event: 41.843 Thread 0x0000020652696800 5462       3       com.sun.javafx.css.PseudoClassState::cast (21 bytes)
Event: 41.844 Thread 0x0000020652696800 nmethod 5462 0x000002063c688c90 code [0x000002063c688e60, 0x000002063c6891d0]
Event: 41.850 Thread 0x0000020652692800 5463       4       javafx.scene.Node::getLocalBounds (162 bytes)
Event: 41.869 Thread 0x0000020652692800 nmethod 5463 0x0000020642f95290 code [0x0000020642f954c0, 0x0000020642f95a68]
Event: 51.553 Thread 0x0000020652696800 5464       3       java.util.logging.LogManager::checkPermission (16 bytes)
Event: 51.553 Thread 0x0000020652696800 nmethod 5464 0x000002063ba51810 code [0x000002063ba519e0, 0x000002063ba51d10]
Event: 51.554 Thread 0x0000020652696800 5465   !   3       java.util.logging.LogManager$LoggerContext::findLogger (113 bytes)

GC Heap History (10 events):
Event: 1.545 GC heap before
{Heap before GC invocations=1 (full 0):
 garbage-first heap   total 129024K, used 58493K [0x0000000082000000, 0x0000000100000000)
  region size 1024K, 57 young (58368K), 3 survivors (3072K)
 Metaspace       used 20628K, capacity 21123K, committed 21248K, reserved 1069056K
  class space    used 2298K, capacity 2484K, committed 2560K, reserved 1048576K
}
Event: 1.551 GC heap after
{Heap after GC invocations=2 (full 0):
 garbage-first heap   total 129024K, used 7786K [0x0000000082000000, 0x0000000100000000)
  region size 1024K, 6 young (6144K), 6 survivors (6144K)
 Metaspace       used 20628K, capacity 21123K, committed 21248K, reserved 1069056K
  class space    used 2298K, capacity 2484K, committed 2560K, reserved 1048576K
}
Event: 3.596 GC heap before
{Heap before GC invocations=3 (full 0):
 garbage-first heap   total 129024K, used 68202K [0x0000000082000000, 0x0000000100000000)
  region size 1024K, 65 young (66560K), 6 survivors (6144K)
 Metaspace       used 33224K, capacity 33889K, committed 34048K, reserved 1079296K
  class space    used 3800K, capacity 4034K, committed 4096K, reserved 1048576K
}
Event: 3.605 GC heap after
{Heap after GC invocations=4 (full 0):
 garbage-first heap   total 129024K, used 14391K [0x0000000082000000, 0x0000000100000000)
  region size 1024K, 9 young (9216K), 9 survivors (9216K)
 Metaspace       used 33224K, capacity 33889K, committed 34048K, reserved 1079296K
  class space    used 3800K, capacity 4034K, committed 4096K, reserved 1048576K
}
Event: 3.716 GC heap before
{Heap before GC invocations=4 (full 0):
 garbage-first heap   total 129024K, used 21559K [0x0000000082000000, 0x0000000100000000)
  region size 1024K, 17 young (17408K), 9 survivors (9216K)
 Metaspace       used 35109K, capacity 35713K, committed 35840K, reserved 1081344K
  class space    used 4043K, capacity 4258K, committed 4352K, reserved 1048576K
}
Event: 3.726 GC heap after
{Heap after GC invocations=5 (full 0):
 garbage-first heap   total 129024K, used 14579K [0x0000000082000000, 0x0000000100000000)
  region size 1024K, 2 young (2048K), 2 survivors (2048K)
 Metaspace       used 35109K, capacity 35713K, committed 35840K, reserved 1081344K
  class space    used 4043K, capacity 4258K, committed 4352K, reserved 1048576K
}
Event: 4.719 GC heap before
{Heap before GC invocations=6 (full 0):
 garbage-first heap   total 129024K, used 77043K [0x0000000082000000, 0x0000000100000000)
  region size 1024K, 64 young (65536K), 2 survivors (2048K)
 Metaspace       used 48151K, capacity 49051K, committed 49280K, reserved 1091584K
  class space    used 5813K, capacity 6156K, committed 6272K, reserved 1048576K
}
Event: 4.723 GC heap after
{Heap after GC invocations=7 (full 0):
 garbage-first heap   total 129024K, used 18104K [0x0000000082000000, 0x0000000100000000)
  region size 1024K, 5 young (5120K), 5 survivors (5120K)
 Metaspace       used 48151K, capacity 49051K, committed 49280K, reserved 1091584K
  class space    used 5813K, capacity 6156K, committed 6272K, reserved 1048576K
}
Event: 7.331 GC heap before
{Heap before GC invocations=7 (full 0):
 garbage-first heap   total 129024K, used 86712K [0x0000000082000000, 0x0000000100000000)
  region size 1024K, 30 young (30720K), 5 survivors (5120K)
 Metaspace       used 52854K, capacity 54077K, committed 54144K, reserved 1095680K
  class space    used 6498K, capacity 6975K, committed 7040K, reserved 1048576K
}
Event: 7.338 GC heap after
{Heap after GC invocations=8 (full 0):
 garbage-first heap   total 129024K, used 52549K [0x0000000082000000, 0x0000000100000000)
  region size 1024K, 8 young (8192K), 8 survivors (8192K)
 Metaspace       used 52854K, capacity 54077K, committed 54144K, reserved 1095680K
  class space    used 6498K, capacity 6975K, committed 7040K, reserved 1048576K
}

Deoptimization events (10 events):
Event: 39.530 Thread 0x000002065476e800 Uncommon trap: reason=array_check action=maybe_recompile pc=0x00000206432933a0 method=javafx.css.SimpleSelector.applies(Ljavafx/css/Styleable;[Ljava/util/Set;I)Z @ 37 c2
Event: 39.530 Thread 0x000002065476e800 Uncommon trap: reason=array_check action=maybe_recompile pc=0x00000206432933a0 method=javafx.css.SimpleSelector.applies(Ljavafx/css/Styleable;[Ljava/util/Set;I)Z @ 37 c2
Event: 39.530 Thread 0x000002065476e800 Uncommon trap: reason=array_check action=maybe_recompile pc=0x00000206432933a0 method=javafx.css.SimpleSelector.applies(Ljavafx/css/Styleable;[Ljava/util/Set;I)Z @ 37 c2
Event: 39.530 Thread 0x000002065476e800 Uncommon trap: reason=class_check action=maybe_recompile pc=0x0000020643227b8c method=javafx.scene.Node.getScene()Ljavafx/scene/Scene; @ 7 c2
Event: 39.530 Thread 0x000002065476e800 Uncommon trap: reason=class_check action=maybe_recompile pc=0x0000020643227b8c method=javafx.scene.Node.getScene()Ljavafx/scene/Scene; @ 7 c2
Event: 39.530 Thread 0x000002065476e800 Uncommon trap: reason=class_check action=maybe_recompile pc=0x0000020643227b8c method=javafx.scene.Node.getScene()Ljavafx/scene/Scene; @ 7 c2
Event: 39.531 Thread 0x000002065476e800 Uncommon trap: reason=class_check action=maybe_recompile pc=0x0000020643227b8c method=javafx.scene.Node.getScene()Ljavafx/scene/Scene; @ 7 c2
Event: 39.532 Thread 0x000002065476e800 Uncommon trap: reason=array_check action=maybe_recompile pc=0x00000206432933a0 method=javafx.css.SimpleSelector.applies(Ljavafx/css/Styleable;[Ljava/util/Set;I)Z @ 37 c2
Event: 39.577 Thread 0x000002065476e800 Uncommon trap: reason=profile_predicate action=maybe_recompile pc=0x0000020643297874 method=javafx.css.CompoundSelector.applies(Ljavafx/css/Styleable;I[Ljava/util/Set;I)Z @ 103 c2
Event: 39.580 Thread 0x000002065476e800 Uncommon trap: reason=profile_predicate action=maybe_recompile pc=0x0000020643297874 method=javafx.css.CompoundSelector.applies(Ljavafx/css/Styleable;I[Ljava/util/Set;I)Z @ 103 c2

Classes redefined (0 events):
No events

Internal exceptions (10 events):
Event: 4.790 Thread 0x000002065476e800 Exception <a 'java/lang/NoSuchMethodError'{0x0000000089a1a040}: java.lang.invoke.DirectMethodHandle$Holder.invokeSpecial(Ljava/lang/Object;Ljava/lang/Object;Ljava/lang/Object;Ljava/lang/Object;Ljava/lang/Object;Ljava/lang/Object;)V> (0x0000000089a1a040) t
Event: 4.799 Thread 0x000002065476e800 Exception <a 'java/lang/ClassNotFoundException'{0x0000000089a6a240}: com/sun/javafx/scene/control/skin/resources/controls> (0x0000000089a6a240) thrown at [t:/workspace/open/src/hotspot/share/prims/jni.cpp, line 636]
Event: 4.800 Thread 0x000002065476e800 Exception <a 'java/lang/ClassNotFoundException'{0x0000000089a78840}: com/sun/javafx/scene/control/skin/resources/controls_en> (0x0000000089a78840) thrown at [t:/workspace/open/src/hotspot/share/prims/jni.cpp, line 636]
Event: 4.800 Thread 0x000002065476e800 Exception <a 'java/lang/ClassNotFoundException'{0x0000000089a7cf58}: com/sun/javafx/scene/control/skin/resources/controls_en_US> (0x0000000089a7cf58) thrown at [t:/workspace/open/src/hotspot/share/prims/jni.cpp, line 636]
Event: 5.368 Thread 0x0000020654f98800 Exception <a 'java/lang/NoSuchMethodError'{0x00000000888a6f90}: java.lang.invoke.DirectMethodHandle$Holder.invokeStaticInit(Ljava/lang/Object;I)Ljava/lang/Object;> (0x00000000888a6f90) thrown at [t:/workspace/open/src/hotspot/share/interpreter/linkResolve
Event: 7.249 Thread 0x000002065476e800 Exception <a 'java/lang/NoSuchMethodError'{0x000000008868e2e8}: java.lang.invoke.DirectMethodHandle$Holder.invokeStaticInit(Ljava/lang/Object;Ljava/lang/Object;Ljava/lang/Object;)J> (0x000000008868e2e8) thrown at [t:/workspace/open/src/hotspot/share/inter
Event: 7.253 Thread 0x000002065476e800 Exception <a 'java/lang/NoSuchMethodError'{0x00000000886a67e8}: java.lang.invoke.DirectMethodHandle$Holder.invokeStatic(Ljava/lang/Object;Ljava/lang/Object;J)Ljava/lang/Object;> (0x00000000886a67e8) thrown at [t:/workspace/open/src/hotspot/share/interpret
Event: 7.253 Thread 0x000002065476e800 Exception <a 'java/lang/NoSuchMethodError'{0x00000000886acc08}: java.lang.invoke.Invokers$Holder.linkToTargetMethod(Ljava/lang/Object;JLjava/lang/Object;)Ljava/lang/Object;> (0x00000000886acc08) thrown at [t:/workspace/open/src/hotspot/share/interpreter/l
Event: 39.464 Thread 0x000002065476e800 Exception <a 'java/io/FileNotFoundException'{0x00000000893b7da8}> (0x00000000893b7da8) thrown at [t:/workspace/open/src/hotspot/share/prims/jni.cpp, line 615]
Event: 51.553 Thread 0x000002065c9b1800 Exception <a 'java/lang/IllegalStateException'{0x0000000088d2d938}> (0x0000000088d2d938) thrown at [t:/workspace/open/src/hotspot/share/prims/jvm.cpp, line 1311]

Events (10 events):
Event: 51.554 Thread 0x00000206526a4800 flushing nmethod 0x0000020643086590
Event: 51.554 Thread 0x00000206526a4800 flushing nmethod 0x000002064308c510
Event: 51.554 Thread 0x00000206526a4800 flushing nmethod 0x0000020643098a10
Event: 51.554 Thread 0x00000206526a4800 flushing nmethod 0x00000206430a2810
Event: 51.554 Thread 0x00000206526a4800 flushing nmethod 0x00000206430a5890
Event: 51.554 Thread 0x00000206526a4800 flushing nmethod 0x00000206430ad110
Event: 51.554 Thread 0x00000206526a4800 flushing nmethod 0x00000206430c3d90
Event: 51.554 Thread 0x00000206526a4800 flushing nmethod 0x00000206430cbc10
Event: 51.554 Executing VM operation: Exit
Event: 51.554 Thread 0x0000020651d3e000 Thread exited: 0x0000020651d3e000


Dynamic libraries:
0x00007ff753c30000 - 0x00007ff753c77000 	C:\Program Files\Java\jdk-11.0.2\bin\java.exe
0x00007fff22ae0000 - 0x00007fff22cd0000 	C:\WINDOWS\SYSTEM32\ntdll.dll
0x00007fff20bc0000 - 0x00007fff20c72000 	C:\WINDOWS\System32\KERNEL32.DLL
0x00007fff1fbb0000 - 0x00007fff1fe54000 	C:\WINDOWS\System32\KERNELBASE.dll
0x00007fff21e00000 - 0x00007fff21ea3000 	C:\WINDOWS\System32\ADVAPI32.dll
0x00007fff22910000 - 0x00007fff229ae000 	C:\WINDOWS\System32\msvcrt.dll
0x00007fff21d60000 - 0x00007fff21df7000 	C:\WINDOWS\System32\sechost.dll
0x00007fff226c0000 - 0x00007fff227e0000 	C:\WINDOWS\System32\RPCRT4.dll
0x00007fff21bc0000 - 0x00007fff21d54000 	C:\WINDOWS\System32\USER32.dll
0x00007fff20980000 - 0x00007fff209a1000 	C:\WINDOWS\System32\win32u.dll
0x00007fff20b90000 - 0x00007fff20bb6000 	C:\WINDOWS\System32\GDI32.dll
0x00007fff20000000 - 0x00007fff20196000 	C:\WINDOWS\System32\gdi32full.dll
0x00007fff1fe60000 - 0x00007fff1fefe000 	C:\WINDOWS\System32\msvcp_win.dll
0x00007fff1ff00000 - 0x00007fff1fffa000 	C:\WINDOWS\System32\ucrtbase.dll
0x00007fff172c0000 - 0x00007fff17544000 	C:\WINDOWS\WinSxS\amd64_microsoft.windows.common-controls_6595b64144ccf1df_6.0.18362.959_none_e6c7bbbf130c62bb\COMCTL32.dll
0x00007fff1a250000 - 0x00007fff1a25a000 	C:\WINDOWS\SYSTEM32\VERSION.dll
0x00007fff221c0000 - 0x00007fff224f5000 	C:\WINDOWS\System32\combase.dll
0x00007fff20a60000 - 0x00007fff20ae0000 	C:\WINDOWS\System32\bcryptPrimitives.dll
0x00007fff22190000 - 0x00007fff221be000 	C:\WINDOWS\System32\IMM32.DLL
0x00007ffeed120000 - 0x00007ffeed136000 	C:\Program Files\Java\jdk-11.0.2\bin\vcruntime140.dll
0x00007ffeed070000 - 0x00007ffeed11a000 	C:\Program Files\Java\jdk-11.0.2\bin\msvcp140.dll
0x00007ffed94b0000 - 0x00007ffed9fd7000 	C:\Program Files\Java\jdk-11.0.2\bin\server\jvm.dll
0x00007fff21eb0000 - 0x00007fff21eb8000 	C:\WINDOWS\System32\PSAPI.DLL
0x00007fff1b160000 - 0x00007fff1b169000 	C:\WINDOWS\SYSTEM32\WSOCK32.dll
0x00007fff0af80000 - 0x00007fff0afa4000 	C:\WINDOWS\SYSTEM32\WINMM.dll
0x00007fff229b0000 - 0x00007fff22a1f000 	C:\WINDOWS\System32\WS2_32.dll
0x00007fff0a990000 - 0x00007fff0a9bd000 	C:\WINDOWS\SYSTEM32\WINMMBASE.dll
0x00007fff20930000 - 0x00007fff2097a000 	C:\WINDOWS\System32\cfgmgr32.dll
0x00007fff1f9a0000 - 0x00007fff1f9b1000 	C:\WINDOWS\System32\kernel.appcore.dll
0x00007ffeed050000 - 0x00007ffeed061000 	C:\Program Files\Java\jdk-11.0.2\bin\verify.dll
0x00007fff15670000 - 0x00007fff15864000 	C:\WINDOWS\SYSTEM32\DBGHELP.DLL
0x00007fff155d0000 - 0x00007fff155fa000 	C:\WINDOWS\SYSTEM32\dbgcore.DLL
0x00007ffeed020000 - 0x00007ffeed049000 	C:\Program Files\Java\jdk-11.0.2\bin\java.dll
0x00007fff08d70000 - 0x00007fff08da7000 	C:\Program Files\Java\jdk-11.0.2\bin\jdwp.dll
0x00007ffeffd10000 - 0x00007ffeffd3f000 	C:\Program Files\Java\jdk-11.0.2\bin\instrument.dll
0x00007ffeed000000 - 0x00007ffeed016000 	C:\Program Files\Java\jdk-11.0.2\bin\zip.dll
0x00007ffefa730000 - 0x00007ffefa73a000 	C:\Program Files\Java\jdk-11.0.2\bin\jimage.dll
0x00007fff20d30000 - 0x00007fff21416000 	C:\WINDOWS\System32\SHELL32.dll
0x00007fff20c80000 - 0x00007fff20d29000 	C:\WINDOWS\System32\shcore.dll
0x00007fff201a0000 - 0x00007fff20922000 	C:\WINDOWS\System32\windows.storage.dll
0x00007fff1f9c0000 - 0x00007fff1f9e3000 	C:\WINDOWS\System32\profapi.dll
0x00007fff1fa10000 - 0x00007fff1fa5a000 	C:\WINDOWS\System32\powrprof.dll
0x00007fff1f990000 - 0x00007fff1f9a0000 	C:\WINDOWS\System32\UMPDC.dll
0x00007fff228b0000 - 0x00007fff22902000 	C:\WINDOWS\System32\shlwapi.dll
0x00007fff209b0000 - 0x00007fff209c7000 	C:\WINDOWS\System32\cryptsp.dll
0x00007ffeecfe0000 - 0x00007ffeecff9000 	C:\Program Files\Java\jdk-11.0.2\bin\net.dll
0x00007fff19f40000 - 0x00007fff1a030000 	C:\WINDOWS\SYSTEM32\WINHTTP.dll
0x00007fff150b0000 - 0x00007fff15286000 	C:\WINDOWS\SYSTEM32\urlmon.dll
0x00007fff14e00000 - 0x00007fff150a6000 	C:\WINDOWS\SYSTEM32\iertutil.dll
0x00007fff1f3d0000 - 0x00007fff1f3dc000 	C:\WINDOWS\SYSTEM32\CRYPTBASE.DLL
0x00007fff1f200000 - 0x00007fff1f267000 	C:\WINDOWS\system32\mswsock.dll
0x00007ffeecfc0000 - 0x00007ffeecfd3000 	C:\Program Files\Java\jdk-11.0.2\bin\nio.dll
0x00007fff1c390000 - 0x00007fff1c39a000 	C:\Program Files\Java\jdk-11.0.2\bin\dt_socket.dll
0x0000020633130000 - 0x0000020633133000 	C:\Users\Johnny\Desktop\openjfx-11.0.2_windows-x64_bin-sdk\javafx-sdk-11.0.2\bin\api-ms-win-core-console-l1-1-0.dll
0x0000020633140000 - 0x0000020633143000 	C:\Users\Johnny\Desktop\openjfx-11.0.2_windows-x64_bin-sdk\javafx-sdk-11.0.2\bin\api-ms-win-core-datetime-l1-1-0.dll
0x0000020633150000 - 0x0000020633153000 	C:\Users\Johnny\Desktop\openjfx-11.0.2_windows-x64_bin-sdk\javafx-sdk-11.0.2\bin\api-ms-win-core-debug-l1-1-0.dll
0x0000020654470000 - 0x0000020654473000 	C:\Users\Johnny\Desktop\openjfx-11.0.2_windows-x64_bin-sdk\javafx-sdk-11.0.2\bin\api-ms-win-core-errorhandling-l1-1-0.dll
0x0000020654480000 - 0x0000020654484000 	C:\Users\Johnny\Desktop\openjfx-11.0.2_windows-x64_bin-sdk\javafx-sdk-11.0.2\bin\api-ms-win-core-file-l1-1-0.dll
0x0000020654490000 - 0x0000020654493000 	C:\Users\Johnny\Desktop\openjfx-11.0.2_windows-x64_bin-sdk\javafx-sdk-11.0.2\bin\api-ms-win-core-file-l1-2-0.dll
0x00000206544a0000 - 0x00000206544a3000 	C:\Users\Johnny\Desktop\openjfx-11.0.2_windows-x64_bin-sdk\javafx-sdk-11.0.2\bin\api-ms-win-core-file-l2-1-0.dll
0x00000206544b0000 - 0x00000206544b3000 	C:\Users\Johnny\Desktop\openjfx-11.0.2_windows-x64_bin-sdk\javafx-sdk-11.0.2\bin\api-ms-win-core-handle-l1-1-0.dll
0x00000206544c0000 - 0x00000206544c3000 	C:\Users\Johnny\Desktop\openjfx-11.0.2_windows-x64_bin-sdk\javafx-sdk-11.0.2\bin\api-ms-win-core-heap-l1-1-0.dll
0x00000206544d0000 - 0x00000206544d3000 	C:\Users\Johnny\Desktop\openjfx-11.0.2_windows-x64_bin-sdk\javafx-sdk-11.0.2\bin\api-ms-win-core-interlocked-l1-1-0.dll
0x00000206544e0000 - 0x00000206544e3000 	C:\Users\Johnny\Desktop\openjfx-11.0.2_windows-x64_bin-sdk\javafx-sdk-11.0.2\bin\api-ms-win-core-libraryloader-l1-1-0.dll
0x00000206544f0000 - 0x00000206544f3000 	C:\Users\Johnny\Desktop\openjfx-11.0.2_windows-x64_bin-sdk\javafx-sdk-11.0.2\bin\api-ms-win-core-localization-l1-2-0.dll
0x0000020654500000 - 0x0000020654503000 	C:\Users\Johnny\Desktop\openjfx-11.0.2_windows-x64_bin-sdk\javafx-sdk-11.0.2\bin\api-ms-win-core-memory-l1-1-0.dll
0x0000020654510000 - 0x0000020654513000 	C:\Users\Johnny\Desktop\openjfx-11.0.2_windows-x64_bin-sdk\javafx-sdk-11.0.2\bin\api-ms-win-core-namedpipe-l1-1-0.dll
0x0000020654520000 - 0x0000020654523000 	C:\Users\Johnny\Desktop\openjfx-11.0.2_windows-x64_bin-sdk\javafx-sdk-11.0.2\bin\api-ms-win-core-processenvironment-l1-1-0.dll
0x0000020654530000 - 0x0000020654533000 	C:\Users\Johnny\Desktop\openjfx-11.0.2_windows-x64_bin-sdk\javafx-sdk-11.0.2\bin\api-ms-win-core-processthreads-l1-1-0.dll
0x0000020654540000 - 0x0000020654543000 	C:\Users\Johnny\Desktop\openjfx-11.0.2_windows-x64_bin-sdk\javafx-sdk-11.0.2\bin\api-ms-win-core-processthreads-l1-1-1.dll
0x0000020654550000 - 0x0000020654553000 	C:\Users\Johnny\Desktop\openjfx-11.0.2_windows-x64_bin-sdk\javafx-sdk-11.0.2\bin\api-ms-win-core-profile-l1-1-0.dll
0x0000020654560000 - 0x0000020654563000 	C:\Users\Johnny\Desktop\openjfx-11.0.2_windows-x64_bin-sdk\javafx-sdk-11.0.2\bin\api-ms-win-core-rtlsupport-l1-1-0.dll
0x0000020654570000 - 0x0000020654573000 	C:\Users\Johnny\Desktop\openjfx-11.0.2_windows-x64_bin-sdk\javafx-sdk-11.0.2\bin\api-ms-win-core-string-l1-1-0.dll
0x0000020654580000 - 0x0000020654583000 	C:\Users\Johnny\Desktop\openjfx-11.0.2_windows-x64_bin-sdk\javafx-sdk-11.0.2\bin\api-ms-win-core-synch-l1-1-0.dll
0x0000020654590000 - 0x0000020654593000 	C:\Users\Johnny\Desktop\openjfx-11.0.2_windows-x64_bin-sdk\javafx-sdk-11.0.2\bin\api-ms-win-core-synch-l1-2-0.dll
0x00000206545a0000 - 0x00000206545a3000 	C:\Users\Johnny\Desktop\openjfx-11.0.2_windows-x64_bin-sdk\javafx-sdk-11.0.2\bin\api-ms-win-core-sysinfo-l1-1-0.dll
0x00000206545b0000 - 0x00000206545b3000 	C:\Users\Johnny\Desktop\openjfx-11.0.2_windows-x64_bin-sdk\javafx-sdk-11.0.2\bin\api-ms-win-core-timezone-l1-1-0.dll
0x00000206545c0000 - 0x00000206545c3000 	C:\Users\Johnny\Desktop\openjfx-11.0.2_windows-x64_bin-sdk\javafx-sdk-11.0.2\bin\api-ms-win-core-util-l1-1-0.dll
0x00000206557f0000 - 0x00000206557f3000 	C:\Users\Johnny\Desktop\openjfx-11.0.2_windows-x64_bin-sdk\javafx-sdk-11.0.2\bin\api-ms-win-crt-conio-l1-1-0.dll
0x0000020655800000 - 0x0000020655804000 	C:\Users\Johnny\Desktop\openjfx-11.0.2_windows-x64_bin-sdk\javafx-sdk-11.0.2\bin\api-ms-win-crt-convert-l1-1-0.dll
0x0000020655810000 - 0x0000020655813000 	C:\Users\Johnny\Desktop\openjfx-11.0.2_windows-x64_bin-sdk\javafx-sdk-11.0.2\bin\api-ms-win-crt-environment-l1-1-0.dll
0x0000020655820000 - 0x0000020655823000 	C:\Users\Johnny\Desktop\openjfx-11.0.2_windows-x64_bin-sdk\javafx-sdk-11.0.2\bin\api-ms-win-crt-filesystem-l1-1-0.dll
0x0000020655830000 - 0x0000020655833000 	C:\Users\Johnny\Desktop\openjfx-11.0.2_windows-x64_bin-sdk\javafx-sdk-11.0.2\bin\api-ms-win-crt-heap-l1-1-0.dll
0x0000020655840000 - 0x0000020655843000 	C:\Users\Johnny\Desktop\openjfx-11.0.2_windows-x64_bin-sdk\javafx-sdk-11.0.2\bin\api-ms-win-crt-locale-l1-1-0.dll
0x0000020655850000 - 0x0000020655855000 	C:\Users\Johnny\Desktop\openjfx-11.0.2_windows-x64_bin-sdk\javafx-sdk-11.0.2\bin\api-ms-win-crt-math-l1-1-0.dll
0x0000020655860000 - 0x0000020655865000 	C:\Users\Johnny\Desktop\openjfx-11.0.2_windows-x64_bin-sdk\javafx-sdk-11.0.2\bin\api-ms-win-crt-multibyte-l1-1-0.dll
0x0000020655870000 - 0x0000020655880000 	C:\Users\Johnny\Desktop\openjfx-11.0.2_windows-x64_bin-sdk\javafx-sdk-11.0.2\bin\api-ms-win-crt-private-l1-1-0.dll
0x0000020655880000 - 0x0000020655883000 	C:\Users\Johnny\Desktop\openjfx-11.0.2_windows-x64_bin-sdk\javafx-sdk-11.0.2\bin\api-ms-win-crt-process-l1-1-0.dll
0x0000020655890000 - 0x0000020655894000 	C:\Users\Johnny\Desktop\openjfx-11.0.2_windows-x64_bin-sdk\javafx-sdk-11.0.2\bin\api-ms-win-crt-runtime-l1-1-0.dll
0x00000206558a0000 - 0x00000206558a4000 	C:\Users\Johnny\Desktop\openjfx-11.0.2_windows-x64_bin-sdk\javafx-sdk-11.0.2\bin\api-ms-win-crt-stdio-l1-1-0.dll
0x00000206558b0000 - 0x00000206558b4000 	C:\Users\Johnny\Desktop\openjfx-11.0.2_windows-x64_bin-sdk\javafx-sdk-11.0.2\bin\api-ms-win-crt-string-l1-1-0.dll
0x00000206558c0000 - 0x00000206558c3000 	C:\Users\Johnny\Desktop\openjfx-11.0.2_windows-x64_bin-sdk\javafx-sdk-11.0.2\bin\api-ms-win-crt-time-l1-1-0.dll
0x00000206558d0000 - 0x00000206558d3000 	C:\Users\Johnny\Desktop\openjfx-11.0.2_windows-x64_bin-sdk\javafx-sdk-11.0.2\bin\api-ms-win-crt-utility-l1-1-0.dll
0x00007ffeecce0000 - 0x00007ffeecdda000 	C:\Users\Johnny\Desktop\openjfx-11.0.2_windows-x64_bin-sdk\javafx-sdk-11.0.2\bin\ucrtbase.dll
0x00007fff1ba10000 - 0x00007fff1ba26000 	C:\Users\Johnny\Desktop\openjfx-11.0.2_windows-x64_bin-sdk\javafx-sdk-11.0.2\bin\vcruntime140.dll
0x00007ffef8420000 - 0x00007ffef84c6000 	C:\Users\Johnny\Desktop\openjfx-11.0.2_windows-x64_bin-sdk\javafx-sdk-11.0.2\bin\msvcp140.dll
0x00007ffefe820000 - 0x00007ffefe871000 	C:\Users\Johnny\Desktop\openjfx-11.0.2_windows-x64_bin-sdk\javafx-sdk-11.0.2\bin\concrt140.dll
0x00007ffef9ff0000 - 0x00007ffefa013000 	C:\Users\Johnny\Desktop\openjfx-11.0.2_windows-x64_bin-sdk\javafx-sdk-11.0.2\bin\prism_d3d.dll
0x00007fff02a90000 - 0x00007fff02c57000 	C:\WINDOWS\system32\d3d9.dll
0x00007fff1def0000 - 0x00007fff1df1d000 	C:\WINDOWS\SYSTEM32\dwmapi.dll
0x00007fff1e5e0000 - 0x00007fff1e600000 	C:\WINDOWS\SYSTEM32\dxcore.dll
0x00007fff1d9b0000 - 0x00007fff1da49000 	C:\WINDOWS\system32\uxtheme.dll
0x00007ffebdb60000 - 0x00007ffec0b5d000 	C:\WINDOWS\System32\DriverStore\FileRepository\k127153.inf_amd64_3f3936d8dec668b8\igd9dxva64.dll
0x00007fff21a50000 - 0x00007fff21ba7000 	C:\WINDOWS\System32\ole32.dll
0x00007fff227e0000 - 0x00007fff228a5000 	C:\WINDOWS\System32\OLEAUT32.dll
0x00007ffef8ef0000 - 0x00007ffef8f35000 	C:\Users\Johnny\Desktop\openjfx-11.0.2_windows-x64_bin-sdk\javafx-sdk-11.0.2\bin\glass.dll
0x00007fff21420000 - 0x00007fff214f0000 	C:\WINDOWS\System32\COMDLG32.dll
0x00007fff22500000 - 0x00007fff22635000 	C:\WINDOWS\System32\MSCTF.dll
0x00007fff1ef50000 - 0x00007fff1f01b000 	C:\WINDOWS\SYSTEM32\DNSAPI.dll
0x00007fff21bb0000 - 0x00007fff21bb8000 	C:\WINDOWS\System32\NSI.dll
0x00007fff1ef10000 - 0x00007fff1ef4a000 	C:\WINDOWS\SYSTEM32\IPHLPAPI.DLL
0x00007fff17b50000 - 0x00007fff17b5a000 	C:\Windows\System32\rasadhlp.dll
0x00007fff18360000 - 0x00007fff183d7000 	C:\WINDOWS\System32\fwpuclnt.dll
0x00007fff20a30000 - 0x00007fff20a56000 	C:\WINDOWS\System32\bcrypt.dll
0x00007fff084d0000 - 0x00007fff084dd000 	C:\Program Files\Java\jdk-11.0.2\bin\sunmscapi.dll
0x00007fff1fa60000 - 0x00007fff1fba9000 	C:\WINDOWS\System32\CRYPT32.dll
0x00007fff1f9f0000 - 0x00007fff1fa02000 	C:\WINDOWS\System32\MSASN1.dll
0x00007fff1f4d0000 - 0x00007fff1f4f6000 	C:\WINDOWS\SYSTEM32\ncrypt.dll
0x00007fff1f490000 - 0x00007fff1f4cb000 	C:\WINDOWS\SYSTEM32\NTASN1.dll
0x00007ffef9e30000 - 0x00007ffef9e57000 	C:\Program Files\Java\jdk-11.0.2\bin\sunec.dll
0x00007fff1ed10000 - 0x00007fff1ed43000 	C:\WINDOWS\system32\rsaenh.dll
0x00007fff1f8b0000 - 0x00007fff1f8d5000 	C:\WINDOWS\SYSTEM32\USERENV.dll
0x00007fff1ad70000 - 0x00007fff1ad86000 	C:\WINDOWS\SYSTEM32\dhcpcsvc6.DLL
0x00007fff1ad50000 - 0x00007fff1ad6c000 	C:\WINDOWS\SYSTEM32\dhcpcsvc.DLL
0x00007fff08490000 - 0x00007fff084a4000 	C:\Users\Johnny\Desktop\openjfx-11.0.2_windows-x64_bin-sdk\javafx-sdk-11.0.2\bin\javafx_font.dll
0x00007ffefe480000 - 0x00007ffefe77e000 	C:\WINDOWS\SYSTEM32\dwrite.dll
0x00007fff220e0000 - 0x00007fff22182000 	C:\WINDOWS\System32\clbcatq.dll
0x00007fff009c0000 - 0x00007fff00b6f000 	C:\WINDOWS\SYSTEM32\WindowsCodecs.dll

dbghelp: loaded successfully - version: 4.0.5 - missing functions: none
symbol engine: initialized successfully - sym options: 0x614 - pdb path: .;C:\Program Files\Java\jdk-11.0.2\bin;C:\WINDOWS\SYSTEM32;C:\WINDOWS\WinSxS\amd64_microsoft.windows.common-controls_6595b64144ccf1df_6.0.18362.959_none_e6c7bbbf130c62bb;C:\Program Files\Java\jdk-11.0.2\bin\server;C:\Users\Johnny\Desktop\openjfx-11.0.2_windows-x64_bin-sdk\javafx-sdk-11.0.2\bin;C:\WINDOWS\System32\DriverStore\FileRepository\k127153.inf_amd64_3f3936d8dec668b8;C:\Program Files\Common Files\Microsoft Shared\Ink

VM Arguments:
jvm_args: -agentlib:jdwp=transport=dt_socket,address=127.0.0.1:64273,suspend=y,server=n --module-path=C:\Users\Johnny\Desktop\openjfx-11.0.2_windows-x64_bin-sdk\javafx-sdk-11.0.2\lib --add-modules=javafx.controls,javafx.fxml --add-modules=javafx.base,javafx.graphics --add-reads=javafx.base=ALL-UNNAMED --add-reads=javafx.graphics=ALL-UNNAMED -javaagent:C:\Users\Johnny\AppData\Local\JetBrains\IntelliJIdea2020.1\captureAgent\debugger-agent.jar -Dfile.encoding=UTF-8 
java_command: App.Main
java_class_path (initial): D:\Github\LTUDJava-ConferenceManager\target\classes;C:\Users\Johnny\Desktop\openjfx-11.0.2_windows-x64_bin-sdk\javafx-sdk-11.0.2\lib\src.zip;C:\Users\Johnny\Desktop\openjfx-11.0.2_windows-x64_bin-sdk\javafx-sdk-11.0.2\lib\javafx-swt.jar;C:\Users\Johnny\Desktop\openjfx-11.0.2_windows-x64_bin-sdk\javafx-sdk-11.0.2\lib\javafx.web.jar;C:\Users\Johnny\Desktop\openjfx-11.0.2_windows-x64_bin-sdk\javafx-sdk-11.0.2\lib\javafx.base.jar;C:\Users\Johnny\Desktop\openjfx-11.0.2_windows-x64_bin-sdk\javafx-sdk-11.0.2\lib\javafx.fxml.jar;C:\Users\Johnny\Desktop\openjfx-11.0.2_windows-x64_bin-sdk\javafx-sdk-11.0.2\lib\javafx.media.jar;C:\Users\Johnny\Desktop\openjfx-11.0.2_windows-x64_bin-sdk\javafx-sdk-11.0.2\lib\javafx.swing.jar;C:\Users\Johnny\Desktop\openjfx-11.0.2_windows-x64_bin-sdk\javafx-sdk-11.0.2\lib\javafx.controls.jar;C:\Users\Johnny\Desktop\openjfx-11.0.2_windows-x64_bin-sdk\javafx-sdk-11.0.2\lib\javafx.graphics.jar;C:\Users\Johnny\.m2\repository\org\hibernate\hibernate-core\5.2.2.Final\hibernate-core-5.2.2.Final.jar;C:\Users\Johnny\.m2\repository\org\jboss\logging\jboss-logging\3.3.0.Final\jboss-logging-3.3.0.Final.jar;C:\Users\Johnny\.m2\repository\org\hibernate\javax\persistence\hibernate-jpa-2.1-api\1.0.0.Final\hibernate-jpa-2.1-api-1.0.0.Final.jar;C:\Users\Johnny\.m2\repository\org\javassist\javassist\3.20.0-GA\javassist-3.20.0-GA.jar;C:\Users\Johnny\.m2\repository\antlr\antlr\2.7.7\antlr-2.7.7.jar;C:\Users\Johnny\.m2\repository\org\apache\geronimo\specs\geronimo-jta_1.1_spec\1.1.1\geronimo-jta_1.1_spec-1.1.1.jar;C:\Users\Johnny\.m2\repository\org\jboss\jandex\2.0.0.Final\jandex-2.0.0.Final.jar;C:\Users\Johnny\.m2\repository\com\fasterxml\classmate\1.3.0\classmate-1.3.0.jar;C:\Users\Johnny\.m2\repository\dom4j\dom4j\1.6.1\dom4j-1.6.1.jar;C:\Users\Johnny\.m2\repository\org\hibernate\common\hibernate-commons-annotations\5.0.1.Final\hibernate-commons-annotations-5.0.1.Final.jar;C:\Users\Johnny\.m2\repository\javax\enterprise\cdi-api\1.1\cdi
Launcher Type: SUN_STANDARD

[Global flags]
     intx CICompilerCount                          = 4                                         {product} {ergonomic}
     uint ConcGCThreads                            = 2                                         {product} {ergonomic}
     uint G1ConcRefinementThreads                  = 8                                         {product} {ergonomic}
   size_t G1HeapRegionSize                         = 1048576                                   {product} {ergonomic}
    uintx GCDrainStackTargetSize                   = 64                                        {product} {ergonomic}
   size_t InitialHeapSize                          = 132120576                                 {product} {ergonomic}
   size_t MarkStackSize                            = 4194304                                   {product} {ergonomic}
   size_t MaxHeapSize                              = 2113929216                                {product} {ergonomic}
   size_t MaxNewSize                               = 1267728384                                {product} {ergonomic}
   size_t MinHeapDeltaBytes                        = 1048576                                   {product} {ergonomic}
    uintx NonNMethodCodeHeapSize                   = 5835340                                {pd product} {ergonomic}
    uintx NonProfiledCodeHeapSize                  = 122911450                              {pd product} {ergonomic}
    uintx ProfiledCodeHeapSize                     = 122911450                              {pd product} {ergonomic}
    uintx ReservedCodeCacheSize                    = 251658240                              {pd product} {ergonomic}
     bool SegmentedCodeCache                       = true                                      {product} {ergonomic}
     bool UseCompressedClassPointers               = true                                 {lp64_product} {ergonomic}
     bool UseCompressedOops                        = true                                 {lp64_product} {ergonomic}
     bool UseG1GC                                  = true                                      {product} {ergonomic}
     bool UseLargePagesIndividualAllocation        = false                                  {pd product} {ergonomic}

Logging:
Log output configuration:
 #0: stdout all=warning uptime,level,tags
 #1: stderr all=off uptime,level,tags

Environment Variables:
PATH=C:\Program Files (x86)\Common Files\Oracle\Java\javapath;C:\WINDOWS\system32;C:\WINDOWS;C:\WINDOWS\System32\Wbem;C:\WINDOWS\System32\WindowsPowerShell\v1.0\;C:\WINDOWS\System32\OpenSSH\;C:\Program Files (x86)\NVIDIA Corporation\PhysX\Common;C:\Program Files\Microsoft SQL Server\Client SDK\ODBC\130\Tools\Binn\;C:\Program Files (x86)\Microsoft SQL Server\140\Tools\Binn\;C:\Program Files\Microsoft SQL Server\140\Tools\Binn\;C:\Program Files\Microsoft SQL Server\140\DTS\Binn\;C:\Program Files (x86)\Microsoft SQL Server\Client SDK\ODBC\130\Tools\Binn\;C:\Program Files (x86)\Microsoft SQL Server\140\DTS\Binn\;C:\Program Files (x86)\Microsoft SQL Server\140\Tools\Binn\ManagementStudio\;C:\Users\Johnny\AppData\Local\Microsoft\WindowsApps;C:\Users\Johnny\adb;C:\adb;C:\Program Files\dotnet\;C:\Program Files\nodejs\;C:\Program Files (x86)\IVI Foundation\VISA\WinNT\Bin;C:\Program Files\Git\cmd;C:\Program Files\Microsoft SQL Server\130\Tools\Binn\;C:\WINDOWS\system32;C:\WINDOWS;C:\WINDOWS\System32\Wbem;C:\WINDOWS\System32\WindowsPowerShell\v1.0\;C:\WINDOWS\System32\OpenSSH\;C:\Program Files\Microsoft SQL Server\Client SDK\ODBC\170\Tools\Binn\;D:\Matlab\bin;C:\Program Files\MySQL\MySQL Shell 8.0\bin\;C:\Users\Johnny\AppData\Local\Programs\Python\Python36\Scripts\;C:\Users\Johnny\AppData\Local\Programs\Python\Python36\;C:\Program Files (x86)\Common Files\Oracle\Java\javapath;C:\WINDOWS\system32;C:\WINDOWS;C:\WINDOWS\System32\Wbem;C:\WINDOWS\System32\WindowsPowerShell\v1.0\;C:\WINDOWS\System32\OpenSSH\;C:\Program Files (x86)\NVIDIA Corporation\PhysX\Common;C:\Program Files (x86)\Windows Kits\10\Windows Performance Toolkit\;C:\Program Files\Microsoft SQL Server\Client SDK\ODBC\130\Tools\Binn\;C:\Program Files (x86)\Microsoft SQL Server\140\Tools\Binn\;C:\Program Files\Microsoft SQL Server\140\Tools\Binn\;C:\Program Files\Microsoft SQL Server\140\DTS\Binn\;C:\Program Files (x86)\Microsoft SQL Server\Client SDK\ODBC\130\Tools\Binn\;C:\Program Files (x86)\Microsoft SQL Server\140\DTS
USERNAME=Johnny
OS=Windows_NT
PROCESSOR_IDENTIFIER=Intel64 Family 6 Model 158 Stepping 9, GenuineIntel



---------------  S Y S T E M  ---------------

OS: Windows 10 , 64 bit Build 18362 (10.0.18362.959)

CPU:total 8 (initial active 8) (4 cores per cpu, 2 threads per core) family 6 model 158 stepping 9, cmov, cx8, fxsr, mmx, sse, sse2, sse3, ssse3, sse4.1, sse4.2, popcnt, avx, avx2, aes, clmul, erms, 3dnowpref, lzcnt, ht, tsc, tscinvbit, bmi1, bmi2, adx, fma

Memory: 4k page, system-wide physical 8058M (2211M free)
TotalPageFile size 13946M (AvailPageFile size 4452M)
current process WorkingSet (physical memory assigned to process): 317M, peak: 388M
current process commit charge ("private bytes"): 386M, peak: 438M

vm_info: Java HotSpot(TM) 64-Bit Server VM (11.0.2+9-LTS) for windows-amd64 JRE (11.0.2+9-LTS), built on Jan 18 2019 05:24:10 by "mach5one" with MS VC++ 15.5 (VS2017)

END.
